Configuring extra-1.6.18...
Preprocessing library for extra-1.6.18..
Building library for extra-1.6.18..
[ 1 of 20] Compiling Data.IORef.Extra ( src\Data\IORef\Extra.hs, .stack-work\dist\e626a42b\build\Data\IORef\Extra.o )
[ 2 of 20] Compiling Data.List.NonEmpty.Extra ( src\Data\List\NonEmpty\Extra.hs, .stack-work\dist\e626a42b\build\Data\List\NonEmpty\Extra.o )
[ 3 of 20] Compiling Data.Tuple.Extra ( src\Data\Tuple\Extra.hs, .stack-work\dist\e626a42b\build\Data\Tuple\Extra.o )
[ 4 of 20] Compiling Data.Typeable.Extra ( src\Data\Typeable\Extra.hs, .stack-work\dist\e626a42b\build\Data\Typeable\Extra.o )
[ 5 of 20] Compiling Numeric.Extra    ( src\Numeric\Extra.hs, .stack-work\dist\e626a42b\build\Numeric\Extra.o )
[ 6 of 20] Compiling Partial          ( src\Partial.hs, .stack-work\dist\e626a42b\build\Partial.o )
[ 7 of 20] Compiling Data.List.Extra  ( src\Data\List\Extra.hs, .stack-work\dist\e626a42b\build\Data\List\Extra.o )
[ 8 of 20] Compiling Data.Version.Extra ( src\Data\Version\Extra.hs, .stack-work\dist\e626a42b\build\Data\Version\Extra.o )
[ 9 of 20] Compiling Data.Either.Extra ( src\Data\Either\Extra.hs, .stack-work\dist\e626a42b\build\Data\Either\Extra.o )
[10 of 20] Compiling Control.Exception.Extra ( src\Control\Exception\Extra.hs, .stack-work\dist\e626a42b\build\Control\Exception\Extra.o )
[11 of 20] Compiling Control.Monad.Extra ( src\Control\Monad\Extra.hs, .stack-work\dist\e626a42b\build\Control\Monad\Extra.o )
[12 of 20] Compiling Control.Concurrent.Extra ( src\Control\Concurrent\Extra.hs, .stack-work\dist\e626a42b\build\Control\Concurrent\Extra.o )
[13 of 20] Compiling System.Directory.Extra ( src\System\Directory\Extra.hs, .stack-work\dist\e626a42b\build\System\Directory\Extra.o )
[14 of 20] Compiling System.Environment.Extra ( src\System\Environment\Extra.hs, .stack-work\dist\e626a42b\build\System\Environment\Extra.o )
[15 of 20] Compiling System.IO.Extra  ( src\System\IO\Extra.hs, .stack-work\dist\e626a42b\build\System\IO\Extra.o )
[16 of 20] Compiling System.Info.Extra ( src\System\Info\Extra.hs, .stack-work\dist\e626a42b\build\System\Info\Extra.o )
[17 of 20] Compiling System.Process.Extra ( src\System\Process\Extra.hs, .stack-work\dist\e626a42b\build\System\Process\Extra.o )
[18 of 20] Compiling System.Time.Extra ( src\System\Time\Extra.hs, .stack-work\dist\e626a42b\build\System\Time\Extra.o )
[19 of 20] Compiling Extra            ( src\Extra.hs, .stack-work\dist\e626a42b\build\Extra.o )
[20 of 20] Compiling Text.Read.Extra  ( src\Text\Read\Extra.hs, .stack-work\dist\e626a42b\build\Text\Read\Extra.o )
Installing library in C:\sr\snapshots\1b0bbf2a\lib\x86_64-windows-ghc-8.6.5\extra-1.6.18-PCFfVHM4uC7MNDPSMUGQ5
Registering library for extra-1.6.18..
