Configuring hourglass-0.2.12...
Preprocessing library for hourglass-0.2.12..
Building library for hourglass-0.2.12..
[ 1 of 17] Compiling Data.Hourglass.Utils ( Data\Hourglass\Utils.hs, .stack-work\dist\e626a42b\build\Data\Hourglass\Utils.o )
[ 2 of 17] Compiling Data.Hourglass.Zone ( Data\Hourglass\Zone.hs, .stack-work\dist\e626a42b\build\Data\Hourglass\Zone.o )
[ 3 of 17] Compiling Time.Types       ( Time\Types.hs, .stack-work\dist\e626a42b\build\Time\Types.o )
[ 4 of 17] Compiling Data.Hourglass.Types ( Data\Hourglass\Types.hs, .stack-work\dist\e626a42b\build\Data\Hourglass\Types.o )
[ 5 of 17] Compiling Data.Hourglass.Internal.Win ( Data\Hourglass\Internal\Win.hs, .stack-work\dist\e626a42b\build\Data\Hourglass\Internal\Win.o )
[ 6 of 17] Compiling Data.Hourglass.Internal ( Data\Hourglass\Internal.hs, .stack-work\dist\e626a42b\build\Data\Hourglass\Internal.o )
[ 7 of 17] Compiling Data.Hourglass.Calendar ( Data\Hourglass\Calendar.hs, .stack-work\dist\e626a42b\build\Data\Hourglass\Calendar.o )
[ 8 of 17] Compiling Data.Hourglass.Diff ( Data\Hourglass\Diff.hs, .stack-work\dist\e626a42b\build\Data\Hourglass\Diff.o )

[;1mData\Hourglass\Diff.hs:23:1: [;1m[35mwarning:[0m[0m[;1m [[;1m[35m-Wunused-imports[0m[0m[;1m][0m[0m[;1m
    The import of ‘Data.Monoid’ is redundant
      except perhaps to import instances from ‘Data.Monoid’
    To import instances alone, use: import Data.Monoid()[0m[0m
[;1m[34m   |[0m[0m
[;1m[34m23 |[0m[0m [;1m[35mimport Data.Monoid[0m[0m
[;1m[34m   |[0m[0m[;1m[35m ^^^^^^^^^^^^^^^^^^[0m[0m
[0m[0m[0m[ 9 of 17] Compiling Data.Hourglass.Time ( Data\Hourglass\Time.hs, .stack-work\dist\e626a42b\build\Data\Hourglass\Time.o )
[10 of 17] Compiling Data.Hourglass.Epoch ( Data\Hourglass\Epoch.hs, .stack-work\dist\e626a42b\build\Data\Hourglass\Epoch.o )
[11 of 17] Compiling Data.Hourglass.Local ( Data\Hourglass\Local.hs, .stack-work\dist\e626a42b\build\Data\Hourglass\Local.o )
[12 of 17] Compiling Time.System      ( Time\System.hs, .stack-work\dist\e626a42b\build\Time\System.o )

[;1mTime\System.hs:23:1: [;1m[35mwarning:[0m[0m[;1m [[;1m[35m-Wunused-imports[0m[0m[;1m][0m[0m[;1m
    The import of ‘Control.Applicative’ is redundant
      except perhaps to import instances from ‘Control.Applicative’
    To import instances alone, use: import Control.Applicative()[0m[0m
[;1m[34m   |[0m[0m
[;1m[34m23 |[0m[0m [;1m[35mimport Control.Applicative[0m[0m
[;1m[34m   |[0m[0m[;1m[35m ^^^^^^^^^^^^^^^^^^^^^^^^^^[0m[0m
[0m[0m[0m[13 of 17] Compiling System.Hourglass ( System\Hourglass.hs, .stack-work\dist\e626a42b\build\System\Hourglass.o )
[14 of 17] Compiling Data.Hourglass.Format ( Data\Hourglass\Format.hs, .stack-work\dist\e626a42b\build\Data\Hourglass\Format.o )
[15 of 17] Compiling Data.Hourglass   ( Data\Hourglass.hs, .stack-work\dist\e626a42b\build\Data\Hourglass.o )
[16 of 17] Compiling Time.Compat      ( Time\Compat.hs, .stack-work\dist\e626a42b\build\Time\Compat.o )
[17 of 17] Compiling Data.Hourglass.Compat ( Data\Hourglass\Compat.hs, .stack-work\dist\e626a42b\build\Data\Hourglass\Compat.o )
Installing library in C:\sr\snapshots\1b0bbf2a\lib\x86_64-windows-ghc-8.6.5\hourglass-0.2.12-FLpbq47lMqJHI4KmEQdGdE
Registering library for hourglass-0.2.12..
