Configuring postgresql-simple-0.6.2...
Preprocessing library for postgresql-simple-0.6.2..
Building library for postgresql-simple-0.6.2..
[ 1 of 38] Compiling Database.PostgreSQL.Simple.Arrays ( src\Database\PostgreSQL\Simple\Arrays.hs, .stack-work\dist\e626a42b\build\Database\PostgreSQL\Simple\Arrays.o )

[;1msrc\Database\PostgreSQL\Simple\Arrays.hs:19:1: [;1m[35mwarning:[0m[0m[;1m [[;1m[35m-Wunused-imports[0m[0m[;1m][0m[0m[;1m
    The import of ‘Data.Monoid’ is redundant
      except perhaps to import instances from ‘Data.Monoid’
    To import instances alone, use: import Data.Monoid()[0m[0m
[;1m[34m   |[0m[0m
[;1m[34m19 |[0m[0m [;1m[35mimport           Data.Monoid[0m[0m
[;1m[34m   |[0m[0m[;1m[35m ^^^^^^^^^^^^^^^^^^^^^^^^^^^^[0m[0m
[0m[0m[0m[ 2 of 38] Compiling Database.PostgreSQL.Simple.Compat ( src\Database\PostgreSQL\Simple\Compat.hs, .stack-work\dist\e626a42b\build\Database\PostgreSQL\Simple\Compat.o )

[;1msrc\Database\PostgreSQL\Simple\Compat.hs:15:1: [;1m[35mwarning:[0m[0m[;1m [[;1m[35m-Wunused-imports[0m[0m[;1m][0m[0m[;1m
    The import of ‘Data.Monoid’ is redundant
      except perhaps to import instances from ‘Data.Monoid’
    To import instances alone, use: import Data.Monoid()[0m[0m
[;1m[34m   |[0m[0m
[;1m[34m15 |[0m[0m [;1m[35mimport Data.Monoid[0m[0m
[;1m[34m   |[0m[0m[;1m[35m ^^^^^^^^^^^^^^^^^^[0m[0m
[0m[0m[0m[ 3 of 38] Compiling Database.PostgreSQL.Simple.Ok ( src\Database\PostgreSQL\Simple\Ok.hs, .stack-work\dist\e626a42b\build\Database\PostgreSQL\Simple\Ok.o )
[ 4 of 38] Compiling Database.PostgreSQL.Simple.Time.Internal.Parser ( src\Database\PostgreSQL\Simple\Time\Internal\Parser.hs, .stack-work\dist\e626a42b\build\Database\PostgreSQL\Simple\Time\Internal\Parser.o )
[ 5 of 38] Compiling Database.PostgreSQL.Simple.Time.Internal.Printer ( src\Database\PostgreSQL\Simple\Time\Internal\Printer.hs, .stack-work\dist\e626a42b\build\Database\PostgreSQL\Simple\Time\Internal\Printer.o )
[ 6 of 38] Compiling Database.PostgreSQL.Simple.Time.Implementation ( src\Database\PostgreSQL\Simple\Time\Implementation.hs, .stack-work\dist\e626a42b\build\Database\PostgreSQL\Simple\Time\Implementation.o )
[ 7 of 38] Compiling Database.PostgreSQL.Simple.Time.Internal ( src\Database\PostgreSQL\Simple\Time\Internal.hs, .stack-work\dist\e626a42b\build\Database\PostgreSQL\Simple\Time\Internal.o )
[ 8 of 38] Compiling Database.PostgreSQL.Simple.Time ( src\Database\PostgreSQL\Simple\Time.hs, .stack-work\dist\e626a42b\build\Database\PostgreSQL\Simple\Time.o )
[ 9 of 38] Compiling Database.PostgreSQL.Simple.TypeInfo.Types ( src\Database\PostgreSQL\Simple\TypeInfo\Types.hs, .stack-work\dist\e626a42b\build\Database\PostgreSQL\Simple\TypeInfo\Types.o )
[10 of 38] Compiling Database.PostgreSQL.Simple.TypeInfo.Static ( src\Database\PostgreSQL\Simple\TypeInfo\Static.hs, .stack-work\dist\e626a42b\build\Database\PostgreSQL\Simple\TypeInfo\Static.o )
[11 of 38] Compiling Database.PostgreSQL.Simple.Types ( src\Database\PostgreSQL\Simple\Types.hs, .stack-work\dist\e626a42b\build\Database\PostgreSQL\Simple\Types.o )
[12 of 38] Compiling Database.PostgreSQL.Simple.TypeInfo.Macro ( src\Database\PostgreSQL\Simple\TypeInfo\Macro.hs, .stack-work\dist\e626a42b\build\Database\PostgreSQL\Simple\TypeInfo\Macro.o )
[13 of 38] Compiling Database.PostgreSQL.Simple.ToField[boot] ( src\Database\PostgreSQL\Simple\ToField.hs-boot, .stack-work\dist\e626a42b\build\Database\PostgreSQL\Simple\ToField.o-boot )
[14 of 38] Compiling Database.PostgreSQL.Simple.ToRow[boot] ( src\Database\PostgreSQL\Simple\ToRow.hs-boot, .stack-work\dist\e626a42b\build\Database\PostgreSQL\Simple\ToRow.o-boot )
[15 of 38] Compiling Database.PostgreSQL.Simple.ToField ( src\Database\PostgreSQL\Simple\ToField.hs, .stack-work\dist\e626a42b\build\Database\PostgreSQL\Simple\ToField.o )
[16 of 38] Compiling Database.PostgreSQL.Simple.ToRow ( src\Database\PostgreSQL\Simple\ToRow.hs, .stack-work\dist\e626a42b\build\Database\PostgreSQL\Simple\ToRow.o )
[17 of 38] Compiling Database.PostgreSQL.Simple.SqlQQ ( src\Database\PostgreSQL\Simple\SqlQQ.hs, .stack-work\dist\e626a42b\build\Database\PostgreSQL\Simple\SqlQQ.o )
[18 of 38] Compiling Database.PostgreSQL.Simple.Internal ( src\Database\PostgreSQL\Simple\Internal.hs, .stack-work\dist\e626a42b\build\Database\PostgreSQL\Simple\Internal.o )

[;1msrc\Database\PostgreSQL\Simple\Internal.hs:37:1: [;1m[35mwarning:[0m[0m[;1m [[;1m[35m-Wunused-imports[0m[0m[;1m][0m[0m[;1m
    The import of ‘Data.Monoid’ is redundant
      except perhaps to import instances from ‘Data.Monoid’
    To import instances alone, use: import Data.Monoid()[0m[0m
[;1m[34m   |[0m[0m
[;1m[34m37 |[0m[0m [;1m[35mimport           Data.Monoid[0m[0m
[;1m[34m   |[0m[0m[;1m[35m ^^^^^^^^^^^^^^^^^^^^^^^^^^^^[0m[0m
[0m[0m[0m
[;1msrc\Database\PostgreSQL\Simple\Internal.hs:377:5: [;1m[35mwarning:[0m[0m[;1m [[;1m[35m-Wincomplete-patterns[0m[0m[;1m][0m[0m[;1m
    Pattern match(es) are non-exhaustive
    In a case alternative:
        Patterns not matched:
            CopyBoth
            SingleTuple[0m[0m
[;1m[34m    |[0m[0m
[;1m[34m377 |[0m[0m     [;1m[35mcase status of[0m[0m
[;1m[34m    |[0m[0m[;1m[35m     ^^^^^^^^^^^^^^...[0m[0m
[0m[0m[0m[19 of 38] Compiling Database.PostgreSQL.Simple.Notification ( src\Database\PostgreSQL\Simple\Notification.hs, .stack-work\dist\e626a42b\build\Database\PostgreSQL\Simple\Notification.o )

[;1msrc\Database\PostgreSQL\Simple\Notification.hs:40:1: [;1m[35mwarning:[0m[0m[;1m [[;1m[35m-Wunused-imports[0m[0m[;1m][0m[0m[;1m
    The import of ‘catch’ from module ‘Control.Exception’ is redundant[0m[0m
[;1m[34m   |[0m[0m
[;1m[34m40 |[0m[0m [;1m[35mimport           Control.Exception ( throwIO, catch )[0m[0m
[;1m[34m   |[0m[0m[;1m[35m ^^^^^^^^^^^^^^^^^^^^^^^^^^^^^^^^^^^^^^^^^^^^^^^^^^^^^[0m[0m
[0m[0m[0m
[;1msrc\Database\PostgreSQL\Simple\Notification.hs:134:5: [;1m[35mwarning:[0m[0m[;1m [[;1m[35m-Wunused-local-binds[0m[0m[;1m][0m[0m[;1m
    Defined but not used: ‘setIOErrorLocation’[0m[0m
[;1m[34m    |[0m[0m
[;1m[34m134 |[0m[0m     [;1m[35msetIOErrorLocation[0m[0m err = err { ioe_location = B8.unpack funcName }
[;1m[34m    |[0m[0m[;1m[35m     ^^^^^^^^^^^^^^^^^^[0m[0m
[0m[0m[0m[20 of 38] Compiling Database.PostgreSQL.Simple.LargeObjects ( src\Database\PostgreSQL\Simple\LargeObjects.hs, .stack-work\dist\e626a42b\build\Database\PostgreSQL\Simple\LargeObjects.o )
[21 of 38] Compiling Database.PostgreSQL.Simple.Errors ( src\Database\PostgreSQL\Simple\Errors.hs, .stack-work\dist\e626a42b\build\Database\PostgreSQL\Simple\Errors.o )

[;1msrc\Database\PostgreSQL\Simple\Errors.hs:28:1: [;1m[35mwarning:[0m[0m[;1m [[;1m[35m-Wunused-imports[0m[0m[;1m][0m[0m[;1m
    The import of ‘Control.Applicative’ is redundant
      except perhaps to import instances from ‘Control.Applicative’
    To import instances alone, use: import Control.Applicative()[0m[0m
[;1m[34m   |[0m[0m
[;1m[34m28 |[0m[0m [;1m[35mimport Control.Applicative[0m[0m
[;1m[34m   |[0m[0m[;1m[35m ^^^^^^^^^^^^^^^^^^^^^^^^^^[0m[0m
[0m[0m[0m[22 of 38] Compiling Database.PostgreSQL.Simple.Transaction ( src\Database\PostgreSQL\Simple\Transaction.hs, .stack-work\dist\e626a42b\build\Database\PostgreSQL\Simple\Transaction.o )
[23 of 38] Compiling Database.PostgreSQL.Simple.FromField[boot] ( src\Database\PostgreSQL\Simple\FromField.hs-boot, .stack-work\dist\e626a42b\build\Database\PostgreSQL\Simple\FromField.o-boot )
[24 of 38] Compiling Database.PostgreSQL.Simple.FromRow[boot] ( src\Database\PostgreSQL\Simple\FromRow.hs-boot, .stack-work\dist\e626a42b\build\Database\PostgreSQL\Simple\FromRow.o-boot )
[25 of 38] Compiling Database.PostgreSQL.Simple[boot] ( src\Database\PostgreSQL\Simple.hs-boot, .stack-work\dist\e626a42b\build\Database\PostgreSQL\Simple.o-boot )
[26 of 38] Compiling Database.PostgreSQL.Simple.TypeInfo ( src\Database\PostgreSQL\Simple\TypeInfo.hs, .stack-work\dist\e626a42b\build\Database\PostgreSQL\Simple\TypeInfo.o )
[27 of 38] Compiling Database.PostgreSQL.Simple.FromField ( src\Database\PostgreSQL\Simple\FromField.hs, .stack-work\dist\e626a42b\build\Database\PostgreSQL\Simple\FromField.o )
[28 of 38] Compiling Database.PostgreSQL.Simple.Range ( src\Database\PostgreSQL\Simple\Range.hs, .stack-work\dist\e626a42b\build\Database\PostgreSQL\Simple\Range.o )
[29 of 38] Compiling Database.PostgreSQL.Simple.Internal.PQResultUtils ( src\Database\PostgreSQL\Simple\Internal\PQResultUtils.hs, .stack-work\dist\e626a42b\build\Database\PostgreSQL\Simple\Internal\PQResultUtils.o )
[30 of 38] Compiling Database.PostgreSQL.Simple.HStore.Implementation ( src\Database\PostgreSQL\Simple\HStore\Implementation.hs, .stack-work\dist\e626a42b\build\Database\PostgreSQL\Simple\HStore\Implementation.o )

[;1msrc\Database\PostgreSQL\Simple\HStore\Implementation.hs:37:1: [;1m[35mwarning:[0m[0m[;1m [[;1m[35m-Wunused-imports[0m[0m[;1m][0m[0m[;1m
    The import of ‘Data.Semigroup’ is redundant
      except perhaps to import instances from ‘Data.Semigroup’
    To import instances alone, use: import Data.Semigroup()[0m[0m
[;1m[34m   |[0m[0m
[;1m[34m37 |[0m[0m [;1m[35mimport           Data.Semigroup[0m[0m
[;1m[34m   |[0m[0m[;1m[35m ^^^^^^^^^^^^^^^^^^^^^^^^^^^^^^^[0m[0m
[0m[0m[0m[31 of 38] Compiling Database.PostgreSQL.Simple.HStore.Internal ( src\Database\PostgreSQL\Simple\HStore\Internal.hs, .stack-work\dist\e626a42b\build\Database\PostgreSQL\Simple\HStore\Internal.o )
[32 of 38] Compiling Database.PostgreSQL.Simple.HStore ( src\Database\PostgreSQL\Simple\HStore.hs, .stack-work\dist\e626a42b\build\Database\PostgreSQL\Simple\HStore.o )
[33 of 38] Compiling Database.PostgreSQL.Simple.FromRow ( src\Database\PostgreSQL\Simple\FromRow.hs, .stack-work\dist\e626a42b\build\Database\PostgreSQL\Simple\FromRow.o )
[34 of 38] Compiling Database.PostgreSQL.Simple.Cursor ( src\Database\PostgreSQL\Simple\Cursor.hs, .stack-work\dist\e626a42b\build\Database\PostgreSQL\Simple\Cursor.o )
[35 of 38] Compiling Database.PostgreSQL.Simple ( src\Database\PostgreSQL\Simple.hs, .stack-work\dist\e626a42b\build\Database\PostgreSQL\Simple.o )
[36 of 38] Compiling Database.PostgreSQL.Simple.Copy ( src\Database\PostgreSQL\Simple\Copy.hs, .stack-work\dist\e626a42b\build\Database\PostgreSQL\Simple\Copy.o )

[;1msrc\Database\PostgreSQL\Simple\Copy.hs:41:1: [;1m[35mwarning:[0m[0m[;1m [[;1m[35m-Wunused-imports[0m[0m[;1m][0m[0m[;1m
    The import of ‘Control.Applicative’ is redundant
      except perhaps to import instances from ‘Control.Applicative’
    To import instances alone, use: import Control.Applicative()[0m[0m
[;1m[34m   |[0m[0m
[;1m[34m41 |[0m[0m [;1m[35mimport           Control.Applicative[0m[0m
[;1m[34m   |[0m[0m[;1m[35m ^^^^^^^^^^^^^^^^^^^^^^^^^^^^^^^^^^^^[0m[0m
[0m[0m[0m[37 of 38] Compiling Database.PostgreSQL.Simple.Vector ( src\Database\PostgreSQL\Simple\Vector.hs, .stack-work\dist\e626a42b\build\Database\PostgreSQL\Simple\Vector.o )
[38 of 38] Compiling Database.PostgreSQL.Simple.Vector.Unboxed ( src\Database\PostgreSQL\Simple\Vector\Unboxed.hs, .stack-work\dist\e626a42b\build\Database\PostgreSQL\Simple\Vector\Unboxed.o )
Installing library in C:\sr\snapshots\1b0bbf2a\lib\x86_64-windows-ghc-8.6.5\postgresql-simple-0.6.2-KVGdKDCWKoE2Bw1rq9CfwL
Registering library for postgresql-simple-0.6.2..
