[1 of 2] Compiling Main             ( C:\Users\pfmxx\AppData\Local\Temp\stack3092\semigroupoids-5.3.4\Setup.lhs, C:\Users\pfmxx\AppData\Local\Temp\stack3092\semigroupoids-5.3.4\.stack-work\dist\e626a42b\setup\Main.o )
[2 of 2] Compiling StackSetupShim   ( C:\sr\setup-exe-src\setup-shim-Z6RU0evB.hs, C:\Users\pfmxx\AppData\Local\Temp\stack3092\semigroupoids-5.3.4\.stack-work\dist\e626a42b\setup\StackSetupShim.o )
Linking C:\Users\pfmxx\AppData\Local\Temp\stack3092\semigroupoids-5.3.4\.stack-work\dist\e626a42b\setup\setup.exe ...
Configuring semigroupoids-5.3.4...
Preprocessing library for semigroupoids-5.3.4..
Building library for semigroupoids-5.3.4..
[ 1 of 21] Compiling Data.Functor.Extend ( src\Data\Functor\Extend.hs, .stack-work\dist\e626a42b\build\Data\Functor\Extend.o )
[ 2 of 21] Compiling Data.Functor.Bind.Class ( src\Data\Functor\Bind\Class.hs, .stack-work\dist\e626a42b\build\Data\Functor\Bind\Class.o )
[ 3 of 21] Compiling Data.Functor.Apply ( src\Data\Functor\Apply.hs, .stack-work\dist\e626a42b\build\Data\Functor\Apply.o )
[ 4 of 21] Compiling Data.Functor.Bind ( src\Data\Functor\Bind.hs, .stack-work\dist\e626a42b\build\Data\Functor\Bind.o )
[ 5 of 21] Compiling Data.Functor.Bind.Trans ( src\Data\Functor\Bind\Trans.hs, .stack-work\dist\e626a42b\build\Data\Functor\Bind\Trans.o )
[ 6 of 21] Compiling Data.Functor.Alt ( src\Data\Functor\Alt.hs, .stack-work\dist\e626a42b\build\Data\Functor\Alt.o )
[ 7 of 21] Compiling Data.Bifunctor.Apply ( src\Data\Bifunctor\Apply.hs, .stack-work\dist\e626a42b\build\Data\Bifunctor\Apply.o )
[ 8 of 21] Compiling Data.Functor.Plus ( src\Data\Functor\Plus.hs, .stack-work\dist\e626a42b\build\Data\Functor\Plus.o )
[ 9 of 21] Compiling Data.Semigroupoid ( src\Data\Semigroupoid.hs, .stack-work\dist\e626a42b\build\Data\Semigroupoid.o )
[10 of 21] Compiling Data.Semigroupoid.Dual ( src\Data\Semigroupoid\Dual.hs, .stack-work\dist\e626a42b\build\Data\Semigroupoid\Dual.o )
[11 of 21] Compiling Data.Groupoid    ( src\Data\Groupoid.hs, .stack-work\dist\e626a42b\build\Data\Groupoid.o )
[12 of 21] Compiling Data.Isomorphism ( src\Data\Isomorphism.hs, .stack-work\dist\e626a42b\build\Data\Isomorphism.o )
[13 of 21] Compiling Data.Semigroupoid.Ob ( src\Data\Semigroupoid\Ob.hs, .stack-work\dist\e626a42b\build\Data\Semigroupoid\Ob.o )
[14 of 21] Compiling Data.Semigroupoid.Static ( src\Data\Semigroupoid\Static.hs, .stack-work\dist\e626a42b\build\Data\Semigroupoid\Static.o )
[15 of 21] Compiling Data.Traversable.Instances ( src\Data\Traversable\Instances.hs, .stack-work\dist\e626a42b\build\Data\Traversable\Instances.o )
[16 of 21] Compiling Data.Semigroup.Foldable.Class ( src\Data\Semigroup\Foldable\Class.hs, .stack-work\dist\e626a42b\build\Data\Semigroup\Foldable\Class.o )
[17 of 21] Compiling Data.Semigroup.Bifoldable ( src\Data\Semigroup\Bifoldable.hs, .stack-work\dist\e626a42b\build\Data\Semigroup\Bifoldable.o )
[18 of 21] Compiling Data.Semigroup.Foldable ( src\Data\Semigroup\Foldable.hs, .stack-work\dist\e626a42b\build\Data\Semigroup\Foldable.o )
[19 of 21] Compiling Data.Semigroup.Traversable.Class ( src\Data\Semigroup\Traversable\Class.hs, .stack-work\dist\e626a42b\build\Data\Semigroup\Traversable\Class.o )
[20 of 21] Compiling Data.Semigroup.Traversable ( src\Data\Semigroup\Traversable.hs, .stack-work\dist\e626a42b\build\Data\Semigroup\Traversable.o )
[21 of 21] Compiling Data.Semigroup.Bitraversable ( src\Data\Semigroup\Bitraversable.hs, .stack-work\dist\e626a42b\build\Data\Semigroup\Bitraversable.o )
Installing library in C:\sr\snapshots\1b0bbf2a\lib\x86_64-windows-ghc-8.6.5\semigroupoids-5.3.4-Joqo7kb6Ms5GvthKGKE4y8
Registering library for semigroupoids-5.3.4..
