[1 of 2] Compiling Main             ( C:\Users\pfmxx\AppData\Local\Temp\stack14160\servant-0.16.2\Setup.hs, C:\Users\pfmxx\AppData\Local\Temp\stack14160\servant-0.16.2\.stack-work\dist\e626a42b\setup\Main.o )
[2 of 2] Compiling StackSetupShim   ( C:\sr\setup-exe-src\setup-shim-Z6RU0evB.hs, C:\Users\pfmxx\AppData\Local\Temp\stack14160\servant-0.16.2\.stack-work\dist\e626a42b\setup\StackSetupShim.o )
Linking C:\Users\pfmxx\AppData\Local\Temp\stack14160\servant-0.16.2\.stack-work\dist\e626a42b\setup\setup.exe ...
Configuring servant-0.16.2...
Preprocessing library for servant-0.16.2..
Building library for servant-0.16.2..
[ 1 of 29] Compiling Servant.API.Alternative ( src\Servant\API\Alternative.hs, .stack-work\dist\e626a42b\build\Servant\API\Alternative.o )
[ 2 of 29] Compiling Servant.API.BasicAuth ( src\Servant\API\BasicAuth.hs, .stack-work\dist\e626a42b\build\Servant\API\BasicAuth.o )
[ 3 of 29] Compiling Servant.API.Capture ( src\Servant\API\Capture.hs, .stack-work\dist\e626a42b\build\Servant\API\Capture.o )
[ 4 of 29] Compiling Servant.API.ContentTypes ( src\Servant\API\ContentTypes.hs, .stack-work\dist\e626a42b\build\Servant\API\ContentTypes.o )
[ 5 of 29] Compiling Servant.API.Description ( src\Servant\API\Description.hs, .stack-work\dist\e626a42b\build\Servant\API\Description.o )
[ 6 of 29] Compiling Servant.API.Empty ( src\Servant\API\Empty.hs, .stack-work\dist\e626a42b\build\Servant\API\Empty.o )
[ 7 of 29] Compiling Servant.API.Experimental.Auth ( src\Servant\API\Experimental\Auth.hs, .stack-work\dist\e626a42b\build\Servant\API\Experimental\Auth.o )
[ 8 of 29] Compiling Servant.API.Generic ( src\Servant\API\Generic.hs, .stack-work\dist\e626a42b\build\Servant\API\Generic.o )
[ 9 of 29] Compiling Servant.API.HttpVersion ( src\Servant\API\HttpVersion.hs, .stack-work\dist\e626a42b\build\Servant\API\HttpVersion.o )
[10 of 29] Compiling Servant.API.IsSecure ( src\Servant\API\IsSecure.hs, .stack-work\dist\e626a42b\build\Servant\API\IsSecure.o )
[11 of 29] Compiling Servant.API.Modifiers ( src\Servant\API\Modifiers.hs, .stack-work\dist\e626a42b\build\Servant\API\Modifiers.o )
[12 of 29] Compiling Servant.API.Header ( src\Servant\API\Header.hs, .stack-work\dist\e626a42b\build\Servant\API\Header.o )
[13 of 29] Compiling Servant.API.QueryParam ( src\Servant\API\QueryParam.hs, .stack-work\dist\e626a42b\build\Servant\API\QueryParam.o )
[14 of 29] Compiling Servant.API.Raw  ( src\Servant\API\Raw.hs, .stack-work\dist\e626a42b\build\Servant\API\Raw.o )
[15 of 29] Compiling Servant.API.RemoteHost ( src\Servant\API\RemoteHost.hs, .stack-work\dist\e626a42b\build\Servant\API\RemoteHost.o )
[16 of 29] Compiling Servant.API.ReqBody ( src\Servant\API\ReqBody.hs, .stack-work\dist\e626a42b\build\Servant\API\ReqBody.o )
[17 of 29] Compiling Servant.API.ResponseHeaders ( src\Servant\API\ResponseHeaders.hs, .stack-work\dist\e626a42b\build\Servant\API\ResponseHeaders.o )
[18 of 29] Compiling Servant.API.Sub  ( src\Servant\API\Sub.hs, .stack-work\dist\e626a42b\build\Servant\API\Sub.o )
[19 of 29] Compiling Servant.API.Vault ( src\Servant\API\Vault.hs, .stack-work\dist\e626a42b\build\Servant\API\Vault.o )
[20 of 29] Compiling Servant.API.Verbs ( src\Servant\API\Verbs.hs, .stack-work\dist\e626a42b\build\Servant\API\Verbs.o )
[21 of 29] Compiling Servant.API.TypeLevel ( src\Servant\API\TypeLevel.hs, .stack-work\dist\e626a42b\build\Servant\API\TypeLevel.o )
[22 of 29] Compiling Servant.API.WithNamedContext ( src\Servant\API\WithNamedContext.hs, .stack-work\dist\e626a42b\build\Servant\API\WithNamedContext.o )
[23 of 29] Compiling Servant.Types.SourceT ( src\Servant\Types\SourceT.hs, .stack-work\dist\e626a42b\build\Servant\Types\SourceT.o )
[24 of 29] Compiling Servant.API.Stream ( src\Servant\API\Stream.hs, .stack-work\dist\e626a42b\build\Servant\API\Stream.o )
[25 of 29] Compiling Servant.Links    ( src\Servant\Links.hs, .stack-work\dist\e626a42b\build\Servant\Links.o )
[26 of 29] Compiling Servant.API      ( src\Servant\API.hs, .stack-work\dist\e626a42b\build\Servant\API.o )
[27 of 29] Compiling Servant.Test.ComprehensiveAPI ( src\Servant\Test\ComprehensiveAPI.hs, .stack-work\dist\e626a42b\build\Servant\Test\ComprehensiveAPI.o )
[28 of 29] Compiling Servant.API.Internal.Test.ComprehensiveAPI ( src\Servant\API\Internal\Test\ComprehensiveAPI.hs, .stack-work\dist\e626a42b\build\Servant\API\Internal\Test\ComprehensiveAPI.o )
[29 of 29] Compiling Servant.Utils.Links ( src\Servant\Utils\Links.hs, .stack-work\dist\e626a42b\build\Servant\Utils\Links.o )
Installing library in C:\sr\snapshots\1b0bbf2a\lib\x86_64-windows-ghc-8.6.5\servant-0.16.2-2ffKl3b4oNo8vrA2ElMrwg
Registering library for servant-0.16.2..
