[1 of 2] Compiling Main             ( C:\Users\pfmxx\AppData\Local\Temp\stack14160\servant-server-0.16.2\Setup.hs, C:\Users\pfmxx\AppData\Local\Temp\stack14160\servant-server-0.16.2\.stack-work\dist\e626a42b\setup\Main.o )
[2 of 2] Compiling StackSetupShim   ( C:\sr\setup-exe-src\setup-shim-Z6RU0evB.hs, C:\Users\pfmxx\AppData\Local\Temp\stack14160\servant-server-0.16.2\.stack-work\dist\e626a42b\setup\StackSetupShim.o )
Linking C:\Users\pfmxx\AppData\Local\Temp\stack14160\servant-server-0.16.2\.stack-work\dist\e626a42b\setup\setup.exe ...
Configuring servant-server-0.16.2...
Preprocessing library for servant-server-0.16.2..
Building library for servant-server-0.16.2..
[ 1 of 16] Compiling Servant.Server.Internal.Context ( src\Servant\Server\Internal\Context.hs, .stack-work\dist\e626a42b\build\Servant\Server\Internal\Context.o )
[ 2 of 16] Compiling Servant.Server.Internal.ServerError ( src\Servant\Server\Internal\ServerError.hs, .stack-work\dist\e626a42b\build\Servant\Server\Internal\ServerError.o )
[ 3 of 16] Compiling Servant.Server.Internal.RouteResult ( src\Servant\Server\Internal\RouteResult.hs, .stack-work\dist\e626a42b\build\Servant\Server\Internal\RouteResult.o )
[ 4 of 16] Compiling Servant.Server.Internal.RoutingApplication ( src\Servant\Server\Internal\RoutingApplication.hs, .stack-work\dist\e626a42b\build\Servant\Server\Internal\RoutingApplication.o )
[ 5 of 16] Compiling Servant.Server.Internal.Router ( src\Servant\Server\Internal\Router.hs, .stack-work\dist\e626a42b\build\Servant\Server\Internal\Router.o )
[ 6 of 16] Compiling Servant.Server.Internal.Handler ( src\Servant\Server\Internal\Handler.hs, .stack-work\dist\e626a42b\build\Servant\Server\Internal\Handler.o )
[ 7 of 16] Compiling Servant.Server.Internal.DelayedIO ( src\Servant\Server\Internal\DelayedIO.hs, .stack-work\dist\e626a42b\build\Servant\Server\Internal\DelayedIO.o )

[;1msrc\Servant\Server\Internal\DelayedIO.hs:14:1: [;1m[35mwarning:[0m[0m[;1m [[;1m[35m-Wunused-imports[0m[0m[;1m][0m[0m[;1m
    The import of ‘ComposeSt, MonadTransControl, defaultLiftBaseWith,
                   defaultRestoreM’
    from module ‘Control.Monad.Trans.Control’ is redundant[0m[0m
[;1m[34m   |[0m[0m
[;1m[34m14 |[0m[0m [;1m[35mimport           Control.Monad.Trans.Control[0m[0m
[;1m[34m   |[0m[0m[;1m[35m ^^^^^^^^^^^^^^^^^^^^^^^^^^^^^^^^^^^^^^^^^^^^...[0m[0m
[0m[0m[0m
[;1msrc\Servant\Server\Internal\DelayedIO.hs:17:1: [;1m[35mwarning:[0m[0m[;1m [[;1m[35m-Wunused-imports[0m[0m[;1m][0m[0m[;1m
    The import of ‘runResourceT’
    from module ‘Control.Monad.Trans.Resource’ is redundant[0m[0m
[;1m[34m   |[0m[0m
[;1m[34m17 |[0m[0m [;1m[35mimport           Control.Monad.Trans.Resource[0m[0m
[;1m[34m   |[0m[0m[;1m[35m ^^^^^^^^^^^^^^^^^^^^^^^^^^^^^^^^^^^^^^^^^^^^^...[0m[0m
[0m[0m[0m
[;1msrc\Servant\Server\Internal\DelayedIO.hs:20:1: [;1m[35mwarning:[0m[0m[;1m [[;1m[35m-Wunused-imports[0m[0m[;1m][0m[0m[;1m
    The import of ‘Application, Response, ResponseReceived’
    from module ‘Network.Wai’ is redundant[0m[0m
[;1m[34m   |[0m[0m
[;1m[34m20 |[0m[0m [;1m[35mimport           Network.Wai[0m[0m
[;1m[34m   |[0m[0m[;1m[35m ^^^^^^^^^^^^^^^^^^^^^^^^^^^^...[0m[0m
[0m[0m[0m[ 8 of 16] Compiling Servant.Server.Internal.Delayed ( src\Servant\Server\Internal\Delayed.hs, .stack-work\dist\e626a42b\build\Servant\Server\Internal\Delayed.o )
[ 9 of 16] Compiling Servant.Server.Internal.BasicAuth ( src\Servant\Server\Internal\BasicAuth.hs, .stack-work\dist\e626a42b\build\Servant\Server\Internal\BasicAuth.o )
[10 of 16] Compiling Servant.Server.Internal ( src\Servant\Server\Internal.hs, .stack-work\dist\e626a42b\build\Servant\Server\Internal.o )

[;1msrc\Servant\Server\Internal.hs:636:24: [;1m[35mwarning:[0m[0m[;1m [[;1m[35m-Wdeprecations[0m[0m[;1m][0m[0m[;1m
    In the use of ‘requestBody’
    (imported from Network.Wai, but defined in Network.Wai.Internal):
    Deprecated: "requestBody's name is misleading because it only gets a partial chunk of the body. Use getRequestBodyChunk instead."[0m[0m
[;1m[34m    |[0m[0m
[;1m[34m636 |[0m[0m             let body = [;1m[35mrequestBody[0m[0m req
[;1m[34m    |[0m[0m[;1m[35m                        ^^^^^^^^^^^[0m[0m
[0m[0m[0m[11 of 16] Compiling Servant.Server   ( src\Servant\Server.hs, .stack-work\dist\e626a42b\build\Servant\Server.o )
[12 of 16] Compiling Servant.Server.Generic ( src\Servant\Server\Generic.hs, .stack-work\dist\e626a42b\build\Servant\Server\Generic.o )
[13 of 16] Compiling Servant.Server.StaticFiles ( src\Servant\Server\StaticFiles.hs, .stack-work\dist\e626a42b\build\Servant\Server\StaticFiles.o )
[14 of 16] Compiling Servant          ( src\Servant.hs, .stack-work\dist\e626a42b\build\Servant.o )
[15 of 16] Compiling Servant.Server.Experimental.Auth ( src\Servant\Server\Experimental\Auth.hs, .stack-work\dist\e626a42b\build\Servant\Server\Experimental\Auth.o )
[16 of 16] Compiling Servant.Utils.StaticFiles ( src\Servant\Utils\StaticFiles.hs, .stack-work\dist\e626a42b\build\Servant\Utils\StaticFiles.o )
Preprocessing executable 'greet' for servant-server-0.16.2..
Building executable 'greet' for servant-server-0.16.2..
[1 of 1] Compiling Main             ( example\greet.hs, .stack-work\dist\e626a42b\build\greet\greet-tmp\Main.o )
Linking .stack-work\dist\e626a42b\build\greet\greet.exe ...
Installing library in C:\sr\snapshots\1b0bbf2a\lib\x86_64-windows-ghc-8.6.5\servant-server-0.16.2-47vWNMk2PSqCdABPTmbKDs
Installing executable greet in C:\sr\snapshots\1b0bbf2a\bin
Registering library for servant-server-0.16.2..
