Configuring simple-sendfile-0.2.30...
Preprocessing library for simple-sendfile-0.2.30..
Building library for simple-sendfile-0.2.30..
[1 of 3] Compiling Network.Sendfile.Types ( Network\Sendfile\Types.hs, .stack-work\dist\e626a42b\build\Network\Sendfile\Types.o )
[2 of 3] Compiling Network.Sendfile.Fallback ( Network\Sendfile\Fallback.hs, .stack-work\dist\e626a42b\build\Network\Sendfile\Fallback.o )

[;1mNetwork\Sendfile\Fallback.hs:25:36: [;1m[35mwarning:[0m[0m[;1m [[;1m[35m-Wdeprecations[0m[0m[;1m][0m[0m[;1m
    In the use of ‘$$’
    (imported from Data.Conduit, but defined in conduit-1.3.1.1:Data.Conduit.Internal.Conduit):
    Deprecated: "Use runConduit and .|"[0m[0m
[;1m[34m   |[0m[0m
[;1m[34m25 |[0m[0m     runResourceT $ sourceFile path [;1m[35m$$[0m[0m sinkSocket sock hook
[;1m[34m   |[0m[0m[;1m[35m                                    ^^[0m[0m
[0m[0m[0m
[;1mNetwork\Sendfile\Fallback.hs:27:66: [;1m[35mwarning:[0m[0m[;1m [[;1m[35m-Wdeprecations[0m[0m[;1m][0m[0m[;1m
    In the use of ‘$$’
    (imported from Data.Conduit, but defined in conduit-1.3.1.1:Data.Conduit.Internal.Conduit):
    Deprecated: "Use runConduit and .|"[0m[0m
[;1m[34m   |[0m[0m
[;1m[34m27 |[0m[0m     runResourceT $ EB.sourceFileRange path (Just off) (Just len) [;1m[35m$$[0m[0m sinkSocket sock hook
[;1m[34m   |[0m[0m[;1m[35m                                                                  ^^[0m[0m
[0m[0m[0m
[;1mNetwork\Sendfile\Fallback.hs:30:47: [;1m[35mwarning:[0m[0m[;1m [[;1m[35m-Wdeprecations[0m[0m[;1m][0m[0m[;1m
    In the use of type constructor or class ‘Sink’
    (imported from Data.Conduit, but defined in conduit-1.3.1.1:Data.Conduit.Internal.Conduit):
    Deprecated: "Use ConduitT directly"[0m[0m
[;1m[34m   |[0m[0m
[;1m[34m30 |[0m[0m sinkSocket :: MonadIO m => Socket -> IO () -> [;1m[35mSink[0m[0m ByteString m ()
[;1m[34m   |[0m[0m[;1m[35m                                               ^^^^[0m[0m
[0m[0m[0m[3 of 3] Compiling Network.Sendfile ( Network\Sendfile.hs, .stack-work\dist\e626a42b\build\Network\Sendfile.o )
Installing library in C:\sr\snapshots\1b0bbf2a\lib\x86_64-windows-ghc-8.6.5\simple-sendfile-0.2.30-GNovXJEEuaz2bmGXtWXKEP
Registering library for simple-sendfile-0.2.30..
