Configuring syb-0.7.1...
Preprocessing library for syb-0.7.1..
Building library for syb-0.7.1..
[ 1 of 16] Compiling Data.Generics.Aliases ( src\Data\Generics\Aliases.hs, .stack-work\dist\e626a42b\build\Data\Generics\Aliases.o )
[ 2 of 16] Compiling Data.Generics.Basics ( src\Data\Generics\Basics.hs, .stack-work\dist\e626a42b\build\Data\Generics\Basics.o )
[ 3 of 16] Compiling Data.Generics.Builders ( src\Data\Generics\Builders.hs, .stack-work\dist\e626a42b\build\Data\Generics\Builders.o )
[ 4 of 16] Compiling Data.Generics.Instances ( src\Data\Generics\Instances.hs, .stack-work\dist\e626a42b\build\Data\Generics\Instances.o )
[ 5 of 16] Compiling Data.Generics.Schemes ( src\Data\Generics\Schemes.hs, .stack-work\dist\e626a42b\build\Data\Generics\Schemes.o )
[ 6 of 16] Compiling Data.Generics.Text ( src\Data\Generics\Text.hs, .stack-work\dist\e626a42b\build\Data\Generics\Text.o )
[ 7 of 16] Compiling Data.Generics.Twins ( src\Data\Generics\Twins.hs, .stack-work\dist\e626a42b\build\Data\Generics\Twins.o )
[ 8 of 16] Compiling Data.Generics    ( src\Data\Generics.hs, .stack-work\dist\e626a42b\build\Data\Generics.o )
[ 9 of 16] Compiling Generics.SYB     ( src\Generics\SYB.hs, .stack-work\dist\e626a42b\build\Generics\SYB.o )
[10 of 16] Compiling Generics.SYB.Aliases ( src\Generics\SYB\Aliases.hs, .stack-work\dist\e626a42b\build\Generics\SYB\Aliases.o )
[11 of 16] Compiling Generics.SYB.Basics ( src\Generics\SYB\Basics.hs, .stack-work\dist\e626a42b\build\Generics\SYB\Basics.o )
[12 of 16] Compiling Generics.SYB.Builders ( src\Generics\SYB\Builders.hs, .stack-work\dist\e626a42b\build\Generics\SYB\Builders.o )
[13 of 16] Compiling Generics.SYB.Instances ( src\Generics\SYB\Instances.hs, .stack-work\dist\e626a42b\build\Generics\SYB\Instances.o )
[14 of 16] Compiling Generics.SYB.Schemes ( src\Generics\SYB\Schemes.hs, .stack-work\dist\e626a42b\build\Generics\SYB\Schemes.o )
[15 of 16] Compiling Generics.SYB.Text ( src\Generics\SYB\Text.hs, .stack-work\dist\e626a42b\build\Generics\SYB\Text.o )
[16 of 16] Compiling Generics.SYB.Twins ( src\Generics\SYB\Twins.hs, .stack-work\dist\e626a42b\build\Generics\SYB\Twins.o )
Installing library in C:\sr\snapshots\1b0bbf2a\lib\x86_64-windows-ghc-8.6.5\syb-0.7.1-1gO4OjQOULM8usUjWwwEyW
Registering library for syb-0.7.1..
