Configuring wai-extra-3.0.28...
Preprocessing library for wai-extra-3.0.28..
Building library for wai-extra-3.0.28..
[ 1 of 32] Compiling Network.Wai.EventSource.EventStream ( Network\Wai\EventSource\EventStream.hs, .stack-work\dist\e626a42b\build\Network\Wai\EventSource\EventStream.o )
[ 2 of 32] Compiling Network.Wai.EventSource ( Network\Wai\EventSource.hs, .stack-work\dist\e626a42b\build\Network\Wai\EventSource.o )

[;1mNetwork\Wai\EventSource.hs:49:1: [;1m[35mwarning:[0m[0m[;1m [[;1m[35m-Wunused-top-binds[0m[0m[;1m][0m[0m[;1m
    Defined but not used: ‘eventStreamAppRaw’[0m[0m
[;1m[34m   |[0m[0m
[;1m[34m49 |[0m[0m [;1m[35meventStreamAppRaw[0m[0m handler _ sendResponse =
[;1m[34m   |[0m[0m[;1m[35m ^^^^^^^^^^^^^^^^^[0m[0m
[0m[0m[0m[ 3 of 32] Compiling Network.Wai.Handler.CGI ( Network\Wai\Handler\CGI.hs, .stack-work\dist\e626a42b\build\Network\Wai\Handler\CGI.o )

[;1mNetwork\Wai\Handler\CGI.hs:117:15: [;1m[35mwarning:[0m[0m[;1m [[;1m[35m-Wdeprecations[0m[0m[;1m][0m[0m[;1m
    In the use of ‘requestBody’ (imported from Network.Wai.Internal):
    Deprecated: "requestBody's name is misleading because it only gets a partial chunk of the body. Use getRequestBodyChunk instead."[0m[0m
[;1m[34m    |[0m[0m
[;1m[34m117 |[0m[0m             , [;1m[35mrequestBody[0m[0m = requestBody'
[;1m[34m    |[0m[0m[;1m[35m               ^^^^^^^^^^^[0m[0m
[0m[0m[0m[ 4 of 32] Compiling Network.Wai.Handler.SCGI ( Network\Wai\Handler\SCGI.hs, .stack-work\dist\e626a42b\build\Network\Wai\Handler\SCGI.o )
[ 5 of 32] Compiling Network.Wai.Header ( Network\Wai\Header.hs, .stack-work\dist\e626a42b\build\Network\Wai\Header.o )
[ 6 of 32] Compiling Network.Wai.Middleware.AcceptOverride ( Network\Wai\Middleware\AcceptOverride.hs, .stack-work\dist\e626a42b\build\Network\Wai\Middleware\AcceptOverride.o )
[ 7 of 32] Compiling Network.Wai.Middleware.AddHeaders ( Network\Wai\Middleware\AddHeaders.hs, .stack-work\dist\e626a42b\build\Network\Wai\Middleware\AddHeaders.o )
[ 8 of 32] Compiling Network.Wai.Middleware.Autohead ( Network\Wai\Middleware\Autohead.hs, .stack-work\dist\e626a42b\build\Network\Wai\Middleware\Autohead.o )
[ 9 of 32] Compiling Network.Wai.Middleware.CleanPath ( Network\Wai\Middleware\CleanPath.hs, .stack-work\dist\e626a42b\build\Network\Wai\Middleware\CleanPath.o )
[10 of 32] Compiling Network.Wai.Middleware.Gzip ( Network\Wai\Middleware\Gzip.hs, .stack-work\dist\e626a42b\build\Network\Wai\Middleware\Gzip.o )
[11 of 32] Compiling Network.Wai.Middleware.HttpAuth ( Network\Wai\Middleware\HttpAuth.hs, .stack-work\dist\e626a42b\build\Network\Wai\Middleware\HttpAuth.o )
[12 of 32] Compiling Network.Wai.Middleware.Jsonp ( Network\Wai\Middleware\Jsonp.hs, .stack-work\dist\e626a42b\build\Network\Wai\Middleware\Jsonp.o )
[13 of 32] Compiling Network.Wai.Middleware.Local ( Network\Wai\Middleware\Local.hs, .stack-work\dist\e626a42b\build\Network\Wai\Middleware\Local.o )
[14 of 32] Compiling Network.Wai.Middleware.MethodOverride ( Network\Wai\Middleware\MethodOverride.hs, .stack-work\dist\e626a42b\build\Network\Wai\Middleware\MethodOverride.o )
[15 of 32] Compiling Network.Wai.Middleware.MethodOverridePost ( Network\Wai\Middleware\MethodOverridePost.hs, .stack-work\dist\e626a42b\build\Network\Wai\Middleware\MethodOverridePost.o )

[;1mNetwork\Wai\Middleware\MethodOverridePost.hs:43:54: [;1m[35mwarning:[0m[0m[;1m [[;1m[35m-Wdeprecations[0m[0m[;1m][0m[0m[;1m
    In the use of ‘requestBody’
    (imported from Network.Wai, but defined in Network.Wai.Internal):
    Deprecated: "requestBody's name is misleading because it only gets a partial chunk of the body. Use getRequestBodyChunk instead."[0m[0m
[;1m[34m   |[0m[0m
[;1m[34m43 |[0m[0m     (("_method", Just newmethod):_) -> return $ req {[;1m[35mrequestBody[0m[0m = rb, requestMethod = newmethod}
[;1m[34m   |[0m[0m[;1m[35m                                                      ^^^^^^^^^^^[0m[0m
[0m[0m[0m
[;1mNetwork\Wai\Middleware\MethodOverridePost.hs:44:54: [;1m[35mwarning:[0m[0m[;1m [[;1m[35m-Wdeprecations[0m[0m[;1m][0m[0m[;1m
    In the use of ‘requestBody’
    (imported from Network.Wai, but defined in Network.Wai.Internal):
    Deprecated: "requestBody's name is misleading because it only gets a partial chunk of the body. Use getRequestBodyChunk instead."[0m[0m
[;1m[34m   |[0m[0m
[;1m[34m44 |[0m[0m     _                               -> return $ req {[;1m[35mrequestBody[0m[0m = rb}
[;1m[34m   |[0m[0m[;1m[35m                                                      ^^^^^^^^^^^[0m[0m
[0m[0m[0m[16 of 32] Compiling Network.Wai.Middleware.RequestLogger.Internal ( Network\Wai\Middleware\RequestLogger\Internal.hs, .stack-work\dist\e626a42b\build\Network\Wai\Middleware\RequestLogger\Internal.o )
[17 of 32] Compiling Network.Wai.Middleware.Rewrite ( Network\Wai\Middleware\Rewrite.hs, .stack-work\dist\e626a42b\build\Network\Wai\Middleware\Rewrite.o )
[18 of 32] Compiling Network.Wai.Middleware.Routed ( Network\Wai\Middleware\Routed.hs, .stack-work\dist\e626a42b\build\Network\Wai\Middleware\Routed.o )
[19 of 32] Compiling Network.Wai.Middleware.StreamFile ( Network\Wai\Middleware\StreamFile.hs, .stack-work\dist\e626a42b\build\Network\Wai\Middleware\StreamFile.o )
[20 of 32] Compiling Network.Wai.Middleware.StripHeaders ( Network\Wai\Middleware\StripHeaders.hs, .stack-work\dist\e626a42b\build\Network\Wai\Middleware\StripHeaders.o )
[21 of 32] Compiling Network.Wai.Middleware.Timeout ( Network\Wai\Middleware\Timeout.hs, .stack-work\dist\e626a42b\build\Network\Wai\Middleware\Timeout.o )
[22 of 32] Compiling Network.Wai.Middleware.Vhost ( Network\Wai\Middleware\Vhost.hs, .stack-work\dist\e626a42b\build\Network\Wai\Middleware\Vhost.o )
[23 of 32] Compiling Network.Wai.Parse ( Network\Wai\Parse.hs, .stack-work\dist\e626a42b\build\Network\Wai\Parse.o )

[;1mNetwork\Wai\Parse.hs:378:48: [;1m[35mwarning:[0m[0m[;1m [[;1m[35m-Wdeprecations[0m[0m[;1m][0m[0m[;1m
    In the use of ‘requestBody’
    (imported from Network.Wai, but defined in Network.Wai.Internal):
    Deprecated: "requestBody's name is misleading because it only gets a partial chunk of the body. Use getRequestBodyChunk instead."[0m[0m
[;1m[34m    |[0m[0m
[;1m[34m378 |[0m[0m         Just rbt -> sinkRequestBodyEx o s rbt ([;1m[35mrequestBody[0m[0m r)
[;1m[34m    |[0m[0m[;1m[35m                                                ^^^^^^^^^^^[0m[0m
[0m[0m[0m[24 of 32] Compiling Network.Wai.Middleware.RequestLogger ( Network\Wai\Middleware\RequestLogger.hs, .stack-work\dist\e626a42b\build\Network\Wai\Middleware\RequestLogger.o )

[;1mNetwork\Wai\Middleware\RequestLogger.hs:273:16: [;1m[35mwarning:[0m[0m[;1m [[;1m[35m-Wdeprecations[0m[0m[;1m][0m[0m[;1m
    In the use of ‘requestBody’
    (imported from Network.Wai, but defined in Network.Wai.Internal):
    Deprecated: "requestBody's name is misleading because it only gets a partial chunk of the body. Use getRequestBodyChunk instead."[0m[0m
[;1m[34m    |[0m[0m
[;1m[34m273 |[0m[0m          bs <- [;1m[35mrequestBody[0m[0m req
[;1m[34m    |[0m[0m[;1m[35m                ^^^^^^^^^^^[0m[0m
[0m[0m[0m
[;1mNetwork\Wai\Middleware\RequestLogger.hs:293:20: [;1m[35mwarning:[0m[0m[;1m [[;1m[35m-Wdeprecations[0m[0m[;1m][0m[0m[;1m
    In the use of ‘requestBody’
    (imported from Network.Wai, but defined in Network.Wai.Internal):
    Deprecated: "requestBody's name is misleading because it only gets a partial chunk of the body. Use getRequestBodyChunk instead."[0m[0m
[;1m[34m    |[0m[0m
[;1m[34m293 |[0m[0m   let req' = req { [;1m[35mrequestBody[0m[0m = rbody }
[;1m[34m    |[0m[0m[;1m[35m                    ^^^^^^^^^^^[0m[0m
[0m[0m[0m[25 of 32] Compiling Network.Wai.Middleware.RequestLogger.JSON ( Network\Wai\Middleware\RequestLogger\JSON.hs, .stack-work\dist\e626a42b\build\Network\Wai\Middleware\RequestLogger\JSON.o )

[;1mNetwork\Wai\Middleware\RequestLogger\JSON.hs:107:13: [;1m[35mwarning:[0m[0m[;1m [[;1m[35m-Wdeprecations[0m[0m[;1m][0m[0m[;1m
    In the use of data constructor ‘SockAddrCan’
    (imported from Network.Socket, but defined in network-2.8.0.1:Network.Socket.Types):
    Deprecated: "This will be removed in 3.0"[0m[0m
[;1m[34m    |[0m[0m
[;1m[34m107 |[0m[0m sockToJSON ([;1m[35mSockAddrCan[0m[0m i) =
[;1m[34m    |[0m[0m[;1m[35m             ^^^^^^^^^^^[0m[0m
[0m[0m[0m[26 of 32] Compiling Network.Wai.Request ( Network\Wai\Request.hs, .stack-work\dist\e626a42b\build\Network\Wai\Request.o )

[;1mNetwork\Wai\Request.hs:87:37: [;1m[35mwarning:[0m[0m[;1m [[;1m[35m-Wdeprecations[0m[0m[;1m][0m[0m[;1m
    In the use of ‘requestBody’
    (imported from Network.Wai, but defined in Network.Wai.Internal):
    Deprecated: "requestBody's name is misleading because it only gets a partial chunk of the body. Use getRequestBodyChunk instead."[0m[0m
[;1m[34m   |[0m[0m
[;1m[34m87 |[0m[0m                 then return $ req { [;1m[35mrequestBody[0m[0m = throwIO (RequestSizeException maxSize) }
[;1m[34m   |[0m[0m[;1m[35m                                     ^^^^^^^^^^^[0m[0m
[0m[0m[0m
[;1mNetwork\Wai\Request.hs:92:19: [;1m[35mwarning:[0m[0m[;1m [[;1m[35m-Wdeprecations[0m[0m[;1m][0m[0m[;1m
    In the use of ‘requestBody’
    (imported from Network.Wai, but defined in Network.Wai.Internal):
    Deprecated: "requestBody's name is misleading because it only gets a partial chunk of the body. Use getRequestBodyChunk instead."[0m[0m
[;1m[34m   |[0m[0m
[;1m[34m92 |[0m[0m                 { [;1m[35mrequestBody[0m[0m = do
[;1m[34m   |[0m[0m[;1m[35m                   ^^^^^^^^^^^[0m[0m
[0m[0m[0m
[;1mNetwork\Wai\Request.hs:93:27: [;1m[35mwarning:[0m[0m[;1m [[;1m[35m-Wdeprecations[0m[0m[;1m][0m[0m[;1m
    In the use of ‘requestBody’
    (imported from Network.Wai, but defined in Network.Wai.Internal):
    Deprecated: "requestBody's name is misleading because it only gets a partial chunk of the body. Use getRequestBodyChunk instead."[0m[0m
[;1m[34m   |[0m[0m
[;1m[34m93 |[0m[0m                     bs <- [;1m[35mrequestBody[0m[0m req
[;1m[34m   |[0m[0m[;1m[35m                           ^^^^^^^^^^^[0m[0m
[0m[0m[0m[27 of 32] Compiling Network.Wai.Middleware.ForceSSL ( Network\Wai\Middleware\ForceSSL.hs, .stack-work\dist\e626a42b\build\Network\Wai\Middleware\ForceSSL.o )
[28 of 32] Compiling Network.Wai.Middleware.ForceDomain ( Network\Wai\Middleware\ForceDomain.hs, .stack-work\dist\e626a42b\build\Network\Wai\Middleware\ForceDomain.o )
[29 of 32] Compiling Network.Wai.Middleware.Approot ( Network\Wai\Middleware\Approot.hs, .stack-work\dist\e626a42b\build\Network\Wai\Middleware\Approot.o )
[30 of 32] Compiling Network.Wai.Test.Internal ( Network\Wai\Test\Internal.hs, .stack-work\dist\e626a42b\build\Network\Wai\Test\Internal.o )
[31 of 32] Compiling Network.Wai.Test ( Network\Wai\Test.hs, .stack-work\dist\e626a42b\build\Network\Wai\Test.o )

[;1mNetwork\Wai\Test.hs:174:15: [;1m[35mwarning:[0m[0m[;1m [[;1m[35m-Wdeprecations[0m[0m[;1m][0m[0m[;1m
    In the use of ‘requestBody’
    (imported from Network.Wai, but defined in Network.Wai.Internal):
    Deprecated: "requestBody's name is misleading because it only gets a partial chunk of the body. Use getRequestBodyChunk instead."[0m[0m
[;1m[34m    |[0m[0m
[;1m[34m174 |[0m[0m             { [;1m[35mrequestBody[0m[0m = atomicModifyIORef refChunks $ \bss ->
[;1m[34m    |[0m[0m[;1m[35m               ^^^^^^^^^^^[0m[0m
[0m[0m[0m[32 of 32] Compiling Network.Wai.UrlMap ( Network\Wai\UrlMap.hs, .stack-work\dist\e626a42b\build\Network\Wai\UrlMap.o )
Installing library in C:\sr\snapshots\1b0bbf2a\lib\x86_64-windows-ghc-8.6.5\wai-extra-3.0.28-4YvWuxTLFX2LAMyqNK2Cub
Registering library for wai-extra-3.0.28..
