Configuring x509-system-1.6.6...
Preprocessing library for x509-system-1.6.6..
Building library for x509-system-1.6.6..
[1 of 4] Compiling System.X509.MacOS ( System\X509\MacOS.hs, .stack-work\dist\e626a42b\build\System\X509\MacOS.o )

[;1mSystem\X509\MacOS.hs:8:1: [;1m[35mwarning:[0m[0m[;1m [[;1m[35m-Wunused-imports[0m[0m[;1m][0m[0m[;1m
    The import of ‘Control.Applicative’ is redundant
      except perhaps to import instances from ‘Control.Applicative’
    To import instances alone, use: import Control.Applicative()[0m[0m
[;1m[34m  |[0m[0m
[;1m[34m8 |[0m[0m [;1m[35mimport Control.Applicative[0m[0m
[;1m[34m  |[0m[0m[;1m[35m ^^^^^^^^^^^^^^^^^^^^^^^^^^[0m[0m
[0m[0m[0m[2 of 4] Compiling System.X509.Unix ( System\X509\Unix.hs, .stack-work\dist\e626a42b\build\System\X509\Unix.o )
[3 of 4] Compiling System.X509.Win32 ( System\X509\Win32.hs, .stack-work\dist\e626a42b\build\System\X509\Win32.o )

[;1mSystem\X509\Win32.hs:13:1: [;1m[35mwarning:[0m[0m[;1m [[;1m[35m-Wunused-imports[0m[0m[;1m][0m[0m[;1m
    The import of ‘Control.Applicative’ is redundant
      except perhaps to import instances from ‘Control.Applicative’
    To import instances alone, use: import Control.Applicative()[0m[0m
[;1m[34m   |[0m[0m
[;1m[34m13 |[0m[0m [;1m[35mimport Control.Applicative[0m[0m
[;1m[34m   |[0m[0m[;1m[35m ^^^^^^^^^^^^^^^^^^^^^^^^^^[0m[0m
[0m[0m[0m
[;1mSystem\X509\Win32.hs:27:1: [;1m[35mwarning:[0m[0m[;1m [[;1m[35m-Wunsupported-calling-conventions[0m[0m[;1m][0m[0m[;1m
    • the 'stdcall' calling convention is unsupported on this platform,
      treating as ccall
    • When checking declaration:
        foreign import stdcall unsafe "CertOpenSystemStoreW" c_CertOpenSystemStore
          :: Ptr Word8 -> LPCTSTR -> IO HCertStore[0m[0m
[;1m[34m   |[0m[0m
[;1m[34m27 |[0m[0m [;1m[35mforeign import stdcall unsafe "CertOpenSystemStoreW"[0m[0m
[;1m[34m   |[0m[0m[;1m[35m ^^^^^^^^^^^^^^^^^^^^^^^^^^^^^^^^^^^^^^^^^^^^^^^^^^^^...[0m[0m
[0m[0m[0m
[;1mSystem\X509\Win32.hs:29:1: [;1m[35mwarning:[0m[0m[;1m [[;1m[35m-Wunsupported-calling-conventions[0m[0m[;1m][0m[0m[;1m
    • the 'stdcall' calling convention is unsupported on this platform,
      treating as ccall
    • When checking declaration:
        foreign import stdcall unsafe "CertCloseStore" c_CertCloseStore
          :: HCertStore -> DWORD -> IO ()[0m[0m
[;1m[34m   |[0m[0m
[;1m[34m29 |[0m[0m [;1m[35mforeign import stdcall unsafe "CertCloseStore"[0m[0m
[;1m[34m   |[0m[0m[;1m[35m ^^^^^^^^^^^^^^^^^^^^^^^^^^^^^^^^^^^^^^^^^^^^^^...[0m[0m
[0m[0m[0m
[;1mSystem\X509\Win32.hs:32:1: [;1m[35mwarning:[0m[0m[;1m [[;1m[35m-Wunsupported-calling-conventions[0m[0m[;1m][0m[0m[;1m
    • the 'stdcall' calling convention is unsupported on this platform,
      treating as ccall
    • When checking declaration:
        foreign import stdcall unsafe "CertEnumCertificatesInStore" c_CertEnumCertificatesInStore
          :: HCertStore -> PCCERT_Context -> IO PCCERT_Context[0m[0m
[;1m[34m   |[0m[0m
[;1m[34m32 |[0m[0m [;1m[35mforeign import stdcall unsafe "CertEnumCertificatesInStore"[0m[0m
[;1m[34m   |[0m[0m[;1m[35m ^^^^^^^^^^^^^^^^^^^^^^^^^^^^^^^^^^^^^^^^^^^^^^^^^^^^^^^^^^^...[0m[0m
[0m[0m[0m[4 of 4] Compiling System.X509      ( System\X509.hs, .stack-work\dist\e626a42b\build\System\X509.o )
Installing library in C:\sr\snapshots\1b0bbf2a\lib\x86_64-windows-ghc-8.6.5\x509-system-1.6.6-A3q4EjVoX1f6jHtkPo1UHM
Registering library for x509-system-1.6.6..
